%!Adobe-FontList 1.20
%Locale:0x412

%BeginFont
Handler:DirectoryHandler
FontType:Invalid
OutlineFileName:C:\Users\Administrator\Desktop\노태경\sherlock\Font\baskvill.woff
FileModTime:1598328400
%EndFont

%BeginFont
Handler:DirectoryHandler
FontType:Invalid
OutlineFileName:C:\Users\Administrator\Desktop\노태경\sherlock\Font\chosun.woff
FileModTime:1598328401
%EndFont

%BeginFont
Handler:DirectoryHandler
FontType:Invalid
OutlineFileName:C:\Users\Administrator\Desktop\노태경\sherlock\Font\CityBlueprint.woff
FileModTime:1598328401
%EndFont

%BeginFont
Handler:DirectoryHandler
FontType:Invalid
OutlineFileName:C:\Users\Administrator\Desktop\노태경\sherlock\Font\IAMSHERLOCKED.woff
FileModTime:1598328401
%EndFont

